Using pre-set license
Built from '2020.3/release' branch; Version is '2020.3.2f1 (8fd9074bf66c) revision 9427207'; Using compiler version '192528614'; Build Type 'Release'
OS: 'Windows 10 Pro; OS build 19042.867; Version 2009; 64bit' Language: 'en' Physical Memory: 8122 MB
BatchMode: 1, IsHumanControllingUs: 0, StartBugReporterOnCrash: 0, Is64bit: 1, IsPro: 0

 COMMAND LINE ARGUMENTS:
D:\UnityEditor\2020.3.2f1\Editor\Unity.exe
-adb2
-batchMode
-noUpm
-name
AssetImportWorker1
-projectPath
D:/!UnityLibrary/Dice
-logFile
Logs/AssetImportWorker1.log
-srvPort
62682
Successfully changed project path to: D:/!UnityLibrary/Dice
D:/!UnityLibrary/Dice
Using Asset Import Pipeline V2.
Refreshing native plugins compatible for Editor in 26.86 ms, found 0 plugins.
Preloading 0 native plugins for Editor in 0.00 ms.
Initialize engine version: 2020.3.2f1 (8fd9074bf66c)
[Subsystems] Discovering subsystems at path D:/UnityEditor/2020.3.2f1/Editor/Data/Resources/UnitySubsystems
[Subsystems] Discovering subsystems at path D:/!UnityLibrary/Dice/Assets
GfxDevice: creating device client; threaded=0
Direct3D:
    Version:  Direct3D 11.0 [level 11.1]
    Renderer: NVIDIA GeForce GTX 1660 Ti (ID=0x2182)
    Vendor:   
    VRAM:     5991 MB
    Driver:   27.21.14.6172
Initialize mono
Mono path[0] = 'D:/UnityEditor/2020.3.2f1/Editor/Data/Managed'
Mono path[1] = 'D:/UnityEditor/2020.3.2f1/Editor/Data/MonoBleedingEdge/lib/mono/unityjit'
Mono config path = 'D:/UnityEditor/2020.3.2f1/Editor/Data/MonoBleedingEdge/etc'
Using monoOptions --debugger-agent=transport=dt_socket,embedding=1,server=y,suspend=n,address=127.0.0.1:56044
Begin MonoManager ReloadAssembly
Registering precompiled unity dll's ...
Register platform support module: D:/UnityEditor/2020.3.2f1/Editor/Data/PlaybackEngines/WebGLSupport/UnityEditor.WebGL.Extensions.dll
Register platform support module: D:/UnityEditor/2020.3.2f1/Editor/Data/PlaybackEngines/WindowsStandaloneSupport/UnityEditor.WindowsStandalone.Extensions.dll
Registered in 0.001953 seconds.
Native extension for WindowsStandalone target not found
Native extension for WebGL target not found
Refreshing native plugins compatible for Editor in 29.17 ms, found 0 plugins.
Preloading 0 native plugins for Editor in 0.00 ms.
Invoked RoslynAnalysisRunner static constructor.
RoslynAnalysisRunner will not be running.
RoslynAnalysisRunner has terminated.
Mono: successfully reloaded assembly
- Completed reload, in  2.129 seconds
Platform modules already initialized, skipping
Registering precompiled user dll's ...
Registered in 0.007950 seconds.
Begin MonoManager ReloadAssembly
Native extension for WindowsStandalone target not found
Native extension for WebGL target not found
Refreshing native plugins compatible for Editor in 0.34 ms, found 0 plugins.
Preloading 0 native plugins for Editor in 0.00 ms.
Invoked RoslynAnalysisRunner static constructor.
RoslynAnalysisRunner will not be running.
RoslynAnalysisRunner has terminated.
Mono: successfully reloaded assembly
- Completed reload, in  0.971 seconds
Platform modules already initialized, skipping
========================================================================
Worker process is ready to serve import requests
Launched and connected shader compiler UnityShaderCompiler.exe after 0.19 seconds
Refreshing native plugins compatible for Editor in 0.24 ms, found 0 plugins.
Preloading 0 native plugins for Editor in 0.00 ms.
Unloading 1127 Unused Serialized files (Serialized files now loaded: 0)
System memory in use before: 57.6 MB.
System memory in use after: 57.6 MB.

Unloading 13 unused Assets to reduce memory usage. Loaded Objects now: 1572.
Total: 1.870300 ms (FindLiveObjects: 0.164300 ms CreateObjectMapping: 0.031400 ms MarkObjects: 1.588800 ms  DeleteObjects: 0.084600 ms)

========================================================================
Received Import Request.
  path: Assets/Plugins/Demigiant/DOTween
  artifactKey: Guid(ac98707cd9b11a8488565395935c773a) Importer(815301076,1909f56bfc062723c751e8b465ee728b)
Start importing Assets/Plugins/Demigiant/DOTween using Guid(ac98707cd9b11a8488565395935c773a) Importer(815301076,1909f56bfc062723c751e8b465ee728b)  -> (artifact id: '69af44f7f43aa848c6b99b24c88cbd19') in 0.035491 seconds
  Import took 0.051999 seconds .

========================================================================
Received Import Request.
  Time since last request: 0.000491 seconds.
  path: Assets/Plugins
  artifactKey: Guid(4c4dab815f1ae504e84530f6fed37aac) Importer(815301076,1909f56bfc062723c751e8b465ee728b)
Start importing Assets/Plugins using Guid(4c4dab815f1ae504e84530f6fed37aac) Importer(815301076,1909f56bfc062723c751e8b465ee728b)  -> (artifact id: 'f648989855c782f84d0c0f87724c4524') in 0.002701 seconds
  Import took 0.006204 seconds .

========================================================================
Received Import Request.
  Time since last request: 0.000487 seconds.
  path: Assets/Plugins/Demigiant
  artifactKey: Guid(e0c9c98b3a5060d45b009ece9613f369) Importer(815301076,1909f56bfc062723c751e8b465ee728b)
Start importing Assets/Plugins/Demigiant using Guid(e0c9c98b3a5060d45b009ece9613f369) Importer(815301076,1909f56bfc062723c751e8b465ee728b)  -> (artifact id: 'efe4d7084ae2c2b9470d3c9ce892c107') in 0.002677 seconds
  Import took 0.006692 seconds .

========================================================================
Received Import Request.
  Time since last request: 7.952768 seconds.
  path: Assets/Plugins/Demigiant/DOTween/DOTween.dll.mdb
  artifactKey: Guid(4f007001a22b3d24dae350342c4d19c8) Importer(815301076,1909f56bfc062723c751e8b465ee728b)
Start importing Assets/Plugins/Demigiant/DOTween/DOTween.dll.mdb using Guid(4f007001a22b3d24dae350342c4d19c8) Importer(815301076,1909f56bfc062723c751e8b465ee728b)  -> (artifact id: 'f9398cabaa3edb0b5548393d623dc9f3') in 0.074754 seconds
  Import took 0.078780 seconds .

========================================================================
Received Import Request.
  Time since last request: 1.827899 seconds.
  path: Assets/Plugins/Demigiant/DOTween/DOTween.XML
  artifactKey: Guid(34192c5e0d14aee43a0e86cc4823268a) Importer(815301076,1909f56bfc062723c751e8b465ee728b)
Start importing Assets/Plugins/Demigiant/DOTween/DOTween.XML using Guid(34192c5e0d14aee43a0e86cc4823268a) Importer(815301076,1909f56bfc062723c751e8b465ee728b)  -> (artifact id: '46750513c21a1c446573cb04fcaeee42') in 0.017418 seconds
  Import took 0.030878 seconds .

========================================================================
Received Import Request.
  Time since last request: 0.001140 seconds.
  path: Assets/Plugins/Demigiant/DOTween/DOTween.XML
  artifactKey: Guid(34192c5e0d14aee43a0e86cc4823268a) Importer(815301076,1909f56bfc062723c751e8b465ee728b)
Start importing Assets/Plugins/Demigiant/DOTween/DOTween.XML using Guid(34192c5e0d14aee43a0e86cc4823268a) Importer(815301076,1909f56bfc062723c751e8b465ee728b)  -> (artifact id: '46750513c21a1c446573cb04fcaeee42') in 0.003188 seconds
  Import took 0.007542 seconds .

========================================================================
Received Import Request.
  Time since last request: 0.491359 seconds.
  path: Assets/Plugins/Demigiant/DOTween/readme.txt
  artifactKey: Guid(fccfc62abf2eb0a4db614853430894fd) Importer(815301076,1909f56bfc062723c751e8b465ee728b)
Start importing Assets/Plugins/Demigiant/DOTween/readme.txt using Guid(fccfc62abf2eb0a4db614853430894fd) Importer(815301076,1909f56bfc062723c751e8b465ee728b)  -> (artifact id: 'f90e0891e847ff506bd1426b4db8ea68') in 0.006819 seconds
  Import took 0.012387 seconds .

========================================================================
Received Import Request.
  Time since last request: 63.305565 seconds.
  path: Assets/Plugins/Demigiant/DOTween/DOTween.dll
  artifactKey: Guid(a811bde74b26b53498b4f6d872b09b6d) Importer(815301076,1909f56bfc062723c751e8b465ee728b)
Start importing Assets/Plugins/Demigiant/DOTween/DOTween.dll using Guid(a811bde74b26b53498b4f6d872b09b6d) Importer(815301076,1909f56bfc062723c751e8b465ee728b)  -> (artifact id: '1062a4b49030f130df12fd3987d8f217') in 0.016704 seconds
  Import took 0.091799 seconds .

========================================================================
Received Import Request.
  Time since last request: 0.056896 seconds.
  path: Assets/Plugins/Demigiant/DOTween/DOTween.dll
  artifactKey: Guid(a811bde74b26b53498b4f6d872b09b6d) Importer(815301076,1909f56bfc062723c751e8b465ee728b)
Start importing Assets/Plugins/Demigiant/DOTween/DOTween.dll using Guid(a811bde74b26b53498b4f6d872b09b6d) Importer(815301076,1909f56bfc062723c751e8b465ee728b)  -> (artifact id: '1062a4b49030f130df12fd3987d8f217') in 0.002530 seconds
  Import took 0.006692 seconds .

========================================================================
Received Import Request.
  Time since last request: 2.858242 seconds.
  path: Assets/Plugins/Demigiant/DOTween/Modules
  artifactKey: Guid(143604b8bad857d47a6f7cc7a533e2dc) Importer(815301076,1909f56bfc062723c751e8b465ee728b)
Start importing Assets/Plugins/Demigiant/DOTween/Modules using Guid(143604b8bad857d47a6f7cc7a533e2dc) Importer(815301076,1909f56bfc062723c751e8b465ee728b)  -> (artifact id: '0e4a775e79d4a05c2fd4e63bdb676a10') in 0.002776 seconds
  Import took 0.023049 seconds .

========================================================================
Received Import Request.
  Time since last request: 1.881663 seconds.
  path: Assets/Plugins/Demigiant/DOTween/Editor
  artifactKey: Guid(b27f58ae5d5c33a4bb2d1f4f34bd036d) Importer(815301076,1909f56bfc062723c751e8b465ee728b)
Start importing Assets/Plugins/Demigiant/DOTween/Editor using Guid(b27f58ae5d5c33a4bb2d1f4f34bd036d) Importer(815301076,1909f56bfc062723c751e8b465ee728b)  -> (artifact id: '2babef76b8203d92af6672b19c69e899') in 0.003001 seconds
  Import took 0.011316 seconds .

========================================================================
Received Import Request.
  Time since last request: 1.097372 seconds.
  path: Assets/Plugins/Demigiant/DOTween/Editor/DOTweenEditor.dll.mdb
  artifactKey: Guid(8f46310a8b0a8f04a92993c37c713243) Importer(815301076,1909f56bfc062723c751e8b465ee728b)
Start importing Assets/Plugins/Demigiant/DOTween/Editor/DOTweenEditor.dll.mdb using Guid(8f46310a8b0a8f04a92993c37c713243) Importer(815301076,1909f56bfc062723c751e8b465ee728b)  -> (artifact id: '27cccfa48d3c4624c1f10972004e9924') in 0.003275 seconds
  Import took 0.020517 seconds .

========================================================================
Received Import Request.
  Time since last request: 1.391600 seconds.
  path: Assets/Plugins/Demigiant/DOTween/Editor/DOTweenUpgradeManager.dll.mdb
  artifactKey: Guid(cee7901aa47968a46af805b3a7632bcc) Importer(815301076,1909f56bfc062723c751e8b465ee728b)
Start importing Assets/Plugins/Demigiant/DOTween/Editor/DOTweenUpgradeManager.dll.mdb using Guid(cee7901aa47968a46af805b3a7632bcc) Importer(815301076,1909f56bfc062723c751e8b465ee728b)  -> (artifact id: 'e0918287448cedab49c31860b418c7b4') in 0.003537 seconds
  Import took 0.021559 seconds .

========================================================================
Received Import Request.
  Time since last request: 1.424495 seconds.
  path: Assets/Plugins/Demigiant/DOTween/Editor/DOTweenUpgradeManager.dll
  artifactKey: Guid(2bf936a5d80799e4e88ec9270fea75a4) Importer(815301076,1909f56bfc062723c751e8b465ee728b)
Start importing Assets/Plugins/Demigiant/DOTween/Editor/DOTweenUpgradeManager.dll using Guid(2bf936a5d80799e4e88ec9270fea75a4) Importer(815301076,1909f56bfc062723c751e8b465ee728b)  -> (artifact id: '0621936bc62d5bddafea0039fcff0d08') in 0.002738 seconds
  Import took 0.014424 seconds .

========================================================================
Received Import Request.
  Time since last request: 2.039719 seconds.
  path: Assets/Plugins/Demigiant/DOTween/Editor/DOTweenEditor.XML
  artifactKey: Guid(2e2c6224d345d9249acfa6e8ef40bb2d) Importer(815301076,1909f56bfc062723c751e8b465ee728b)
Start importing Assets/Plugins/Demigiant/DOTween/Editor/DOTweenEditor.XML using Guid(2e2c6224d345d9249acfa6e8ef40bb2d) Importer(815301076,1909f56bfc062723c751e8b465ee728b)  -> (artifact id: '59979d182b8617ab196d1a883a1697be') in 0.003211 seconds
  Import took 0.013890 seconds .

========================================================================
Received Import Request.
  Time since last request: 0.455594 seconds.
  path: Assets/Plugins/Demigiant/DOTween/Editor/DOTweenEditor.dll
  artifactKey: Guid(45d5034162d6cf04dbe46da84fc7d074) Importer(815301076,1909f56bfc062723c751e8b465ee728b)
Start importing Assets/Plugins/Demigiant/DOTween/Editor/DOTweenEditor.dll using Guid(45d5034162d6cf04dbe46da84fc7d074) Importer(815301076,1909f56bfc062723c751e8b465ee728b)  -> (artifact id: '375d706a1fcc565c4a96f4eaf506abf5') in 0.002546 seconds
  Import took 0.006799 seconds .

========================================================================
Received Import Request.
  Time since last request: 0.003414 seconds.
  path: Assets/Plugins/Demigiant/DOTween/Editor/DOTweenEditor.dll
  artifactKey: Guid(45d5034162d6cf04dbe46da84fc7d074) Importer(815301076,1909f56bfc062723c751e8b465ee728b)
Start importing Assets/Plugins/Demigiant/DOTween/Editor/DOTweenEditor.dll using Guid(45d5034162d6cf04dbe46da84fc7d074) Importer(815301076,1909f56bfc062723c751e8b465ee728b)  -> (artifact id: '375d706a1fcc565c4a96f4eaf506abf5') in 0.002471 seconds
  Import took 0.006585 seconds .

========================================================================
Received Import Request.
  Time since last request: 1.464198 seconds.
  path: Assets/Plugins/Demigiant/DOTween/Editor/Imgs
  artifactKey: Guid(0034ebae0c2a9344e897db1160d71b6d) Importer(815301076,1909f56bfc062723c751e8b465ee728b)
Start importing Assets/Plugins/Demigiant/DOTween/Editor/Imgs using Guid(0034ebae0c2a9344e897db1160d71b6d) Importer(815301076,1909f56bfc062723c751e8b465ee728b)  -> (artifact id: '1d90b0ee7d2e0c855e1c96bc538c037d') in 0.003047 seconds
  Import took 0.021545 seconds .

========================================================================
Received Import Request.
  Time since last request: 0.040748 seconds.
  path: Assets/Plugins/Demigiant/DOTween/Editor/Imgs/DOTweenIcon.png
  artifactKey: Guid(8da095e39e9b4df488dfd436f81116d6) Importer(815301076,1909f56bfc062723c751e8b465ee728b)
Start importing Assets/Plugins/Demigiant/DOTween/Editor/Imgs/DOTweenIcon.png using Guid(8da095e39e9b4df488dfd436f81116d6) Importer(815301076,1909f56bfc062723c751e8b465ee728b)  -> (artifact id: '2a8ddcda3027cb7b5c7112379b24dedd') in 0.135569 seconds
  Import took 0.153217 seconds .

========================================================================
Received Import Request.
  Time since last request: 0.000491 seconds.
  path: Assets/Plugins/Demigiant/DOTween/Editor/Imgs/Header.jpg
  artifactKey: Guid(78a59ca99f8987941adb61f9e14a06a7) Importer(815301076,1909f56bfc062723c751e8b465ee728b)
Start importing Assets/Plugins/Demigiant/DOTween/Editor/Imgs/Header.jpg using Guid(78a59ca99f8987941adb61f9e14a06a7) Importer(815301076,1909f56bfc062723c751e8b465ee728b)  -> (artifact id: '5d969ae5c9cb46f9089568b3895e77d4') in 0.011719 seconds
  Import took 0.017477 seconds .

========================================================================
Received Import Request.
  Time since last request: 0.000493 seconds.
  path: Assets/Plugins/Demigiant/DOTween/Editor/Imgs/Footer.png
  artifactKey: Guid(7051dba417b3d53409f2918f1ea4938d) Importer(815301076,1909f56bfc062723c751e8b465ee728b)
Start importing Assets/Plugins/Demigiant/DOTween/Editor/Imgs/Footer.png using Guid(7051dba417b3d53409f2918f1ea4938d) Importer(815301076,1909f56bfc062723c751e8b465ee728b)  -> (artifact id: '2e2785a4102c16d86a49060a68b05117') in 0.007711 seconds
  Import took 0.012227 seconds .

========================================================================
Received Import Request.
  Time since last request: 0.000535 seconds.
  path: Assets/Plugins/Demigiant/DOTween/Editor/Imgs/Footer_dark.png
  artifactKey: Guid(519694efe2bb2914788b151fbd8c01f4) Importer(815301076,1909f56bfc062723c751e8b465ee728b)
Start importing Assets/Plugins/Demigiant/DOTween/Editor/Imgs/Footer_dark.png using Guid(519694efe2bb2914788b151fbd8c01f4) Importer(815301076,1909f56bfc062723c751e8b465ee728b)  -> (artifact id: '6d1078896e42f49f5fa6b84474d67cbf') in 0.007834 seconds
  Import took 0.019952 seconds .

========================================================================
Received Import Request.
  Time since last request: 104.691303 seconds.
  path: Assets/Core
  artifactKey: Guid(06c6bd2c57716d4438777abd0bb3c08a) Importer(815301076,1909f56bfc062723c751e8b465ee728b)
Start importing Assets/Core using Guid(06c6bd2c57716d4438777abd0bb3c08a) Importer(815301076,1909f56bfc062723c751e8b465ee728b)  -> (artifact id: '956617104bb8f83cb51cb125d776257e') in 0.002736 seconds
  Import took 0.019192 seconds .

========================================================================
Received Import Request.
  Time since last request: 1.308175 seconds.
  path: Assets/Core/Scripts
  artifactKey: Guid(58724539f65a9674f86a67fac4d003e2) Importer(815301076,1909f56bfc062723c751e8b465ee728b)
Start importing Assets/Core/Scripts using Guid(58724539f65a9674f86a67fac4d003e2) Importer(815301076,1909f56bfc062723c751e8b465ee728b)  -> (artifact id: 'e48b038fbf1d205c11cb724180cfb739') in 0.002572 seconds
  Import took 0.006719 seconds .

========================================================================
Received Import Request.
  Time since last request: 1.453965 seconds.
  path: Assets/Core/Scripts/DiceRoll.cs
  artifactKey: Guid(d7a7c0efd84e9c94cbc9902601d2b935) Importer(815301076,1909f56bfc062723c751e8b465ee728b)
Start importing Assets/Core/Scripts/DiceRoll.cs using Guid(d7a7c0efd84e9c94cbc9902601d2b935) Importer(815301076,1909f56bfc062723c751e8b465ee728b)  -> (artifact id: '5cb9a29a3edabc46ec899a1e48c6ef42') in 0.008834 seconds
  Import took 0.013306 seconds .

========================================================================
Received Import Request.
  Time since last request: 228.305089 seconds.
  path: Assets/Core/Scripts/DiceRoll.cs
  artifactKey: Guid(d7a7c0efd84e9c94cbc9902601d2b935) Importer(815301076,1909f56bfc062723c751e8b465ee728b)
Start importing Assets/Core/Scripts/DiceRoll.cs using Guid(d7a7c0efd84e9c94cbc9902601d2b935) Importer(815301076,1909f56bfc062723c751e8b465ee728b)  -> (artifact id: '895de8d6454f7d5755914a01c0692e81') in 0.003294 seconds
  Import took 0.019009 seconds .

========================================================================
Received Prepare
Registering precompiled user dll's ...
Registered in 0.001919 seconds.
Begin MonoManager ReloadAssembly
Native extension for WindowsStandalone target not found
Native extension for WebGL target not found
Refreshing native plugins compatible for Editor in 0.26 ms, found 0 plugins.
Preloading 0 native plugins for Editor in 0.00 ms.
Invoked RoslynAnalysisRunner static constructor.
RoslynAnalysisRunner will not be running.
RoslynAnalysisRunner has terminated.
Mono: successfully reloaded assembly
- Completed reload, in  0.958 seconds
Platform modules already initialized, skipping
Switching build target platform(5) subTarget(0) extendedPlatform(0) -> platform(13) subTarget(537395200) extendedPlatform(0)
Refreshing native plugins compatible for Editor in 0.25 ms, found 0 plugins.
Preloading 0 native plugins for Editor in 0.00 ms.
Unloading 1125 Unused Serialized files (Serialized files now loaded: 0)
System memory in use before: 57.6 MB.
System memory in use after: 57.7 MB.

Unloading 8 unused Assets to reduce memory usage. Loaded Objects now: 1579.
Total: 1.725400 ms (FindLiveObjects: 0.156500 ms CreateObjectMapping: 0.029100 ms MarkObjects: 1.476000 ms  DeleteObjects: 0.062600 ms)

AssetImportParameters requested are different than current active one (requested -> active):
  custom:graphics/normal-map-encoding: 01000000000000000000000000000000 -> 02000000000000000000000000000000
========================================================================
Received Import Request.
  Time since last request: 18.022613 seconds.
  path: Assets/Core/Scripts/DiceRoll.cs
  artifactKey: Guid(d7a7c0efd84e9c94cbc9902601d2b935) Importer(815301076,1909f56bfc062723c751e8b465ee728b)
Start importing Assets/Core/Scripts/DiceRoll.cs using Guid(d7a7c0efd84e9c94cbc9902601d2b935) Importer(815301076,1909f56bfc062723c751e8b465ee728b)  -> (artifact id: '09e0d2019fda0caaade22bb41096b617') in 0.004872 seconds
  Import took 0.016226 seconds .

========================================================================
Received Prepare
Registering precompiled user dll's ...
Registered in 0.001540 seconds.
Begin MonoManager ReloadAssembly
Native extension for WindowsStandalone target not found
Native extension for WebGL target not found
Refreshing native plugins compatible for Editor in 0.24 ms, found 0 plugins.
Preloading 0 native plugins for Editor in 0.00 ms.
Invoked RoslynAnalysisRunner static constructor.
RoslynAnalysisRunner will not be running.
RoslynAnalysisRunner has terminated.
Mono: successfully reloaded assembly
- Completed reload, in  0.916 seconds
Platform modules already initialized, skipping
Switching build target platform(5) subTarget(0) extendedPlatform(0) -> platform(13) subTarget(537395200) extendedPlatform(0)
Refreshing native plugins compatible for Editor in 0.25 ms, found 0 plugins.
Preloading 0 native plugins for Editor in 0.00 ms.
Unloading 1124 Unused Serialized files (Serialized files now loaded: 0)
System memory in use before: 57.6 MB.
System memory in use after: 57.7 MB.

Unloading 7 unused Assets to reduce memory usage. Loaded Objects now: 1582.
Total: 1.767500 ms (FindLiveObjects: 0.161000 ms CreateObjectMapping: 0.029600 ms MarkObjects: 1.517400 ms  DeleteObjects: 0.057900 ms)

AssetImportParameters requested are different than current active one (requested -> active):
  custom:graphics/normal-map-encoding: 01000000000000000000000000000000 -> 02000000000000000000000000000000
========================================================================
Received Prepare
Registering precompiled user dll's ...
Registered in 0.001525 seconds.
Begin MonoManager ReloadAssembly
Native extension for WindowsStandalone target not found
Native extension for WebGL target not found
Refreshing native plugins compatible for Editor in 0.25 ms, found 0 plugins.
Preloading 0 native plugins for Editor in 0.00 ms.
Invoked RoslynAnalysisRunner static constructor.
RoslynAnalysisRunner will not be running.
RoslynAnalysisRunner has terminated.
Mono: successfully reloaded assembly
- Completed reload, in  0.896 seconds
Platform modules already initialized, skipping
Switching build target platform(5) subTarget(0) extendedPlatform(0) -> platform(13) subTarget(537395200) extendedPlatform(0)
Refreshing native plugins compatible for Editor in 0.30 ms, found 0 plugins.
Preloading 0 native plugins for Editor in 0.00 ms.
Unloading 1124 Unused Serialized files (Serialized files now loaded: 0)
System memory in use before: 57.6 MB.
System memory in use after: 57.7 MB.

Unloading 7 unused Assets to reduce memory usage. Loaded Objects now: 1585.
Total: 1.843900 ms (FindLiveObjects: 0.156600 ms CreateObjectMapping: 0.028900 ms MarkObjects: 1.596700 ms  DeleteObjects: 0.059900 ms)

AssetImportParameters requested are different than current active one (requested -> active):
  custom:graphics/normal-map-encoding: 01000000000000000000000000000000 -> 02000000000000000000000000000000
========================================================================
Received Prepare
Registering precompiled user dll's ...
Registered in 0.001521 seconds.
Begin MonoManager ReloadAssembly
Native extension for WindowsStandalone target not found
Native extension for WebGL target not found
Refreshing native plugins compatible for Editor in 0.26 ms, found 0 plugins.
Preloading 0 native plugins for Editor in 0.00 ms.
Invoked RoslynAnalysisRunner static constructor.
RoslynAnalysisRunner will not be running.
RoslynAnalysisRunner has terminated.
Mono: successfully reloaded assembly
- Completed reload, in  0.884 seconds
Platform modules already initialized, skipping
Switching build target platform(5) subTarget(0) extendedPlatform(0) -> platform(13) subTarget(537395200) extendedPlatform(0)
Refreshing native plugins compatible for Editor in 0.26 ms, found 0 plugins.
Preloading 0 native plugins for Editor in 0.00 ms.
Unloading 1124 Unused Serialized files (Serialized files now loaded: 0)
System memory in use before: 57.6 MB.
System memory in use after: 57.7 MB.

Unloading 7 unused Assets to reduce memory usage. Loaded Objects now: 1588.
Total: 2.094900 ms (FindLiveObjects: 0.196000 ms CreateObjectMapping: 0.029900 ms MarkObjects: 1.798200 ms  DeleteObjects: 0.068200 ms)

AssetImportParameters requested are different than current active one (requested -> active):
  custom:graphics/normal-map-encoding: 01000000000000000000000000000000 -> 02000000000000000000000000000000
========================================================================
Received Prepare
Registering precompiled user dll's ...
Registered in 0.001474 seconds.
Begin MonoManager ReloadAssembly
Native extension for WindowsStandalone target not found
Native extension for WebGL target not found
Refreshing native plugins compatible for Editor in 0.24 ms, found 0 plugins.
Preloading 0 native plugins for Editor in 0.00 ms.
Invoked RoslynAnalysisRunner static constructor.
RoslynAnalysisRunner will not be running.
RoslynAnalysisRunner has terminated.
Mono: successfully reloaded assembly
- Completed reload, in  0.896 seconds
Platform modules already initialized, skipping
Switching build target platform(5) subTarget(0) extendedPlatform(0) -> platform(13) subTarget(537395200) extendedPlatform(0)
Refreshing native plugins compatible for Editor in 0.25 ms, found 0 plugins.
Preloading 0 native plugins for Editor in 0.00 ms.
Unloading 1124 Unused Serialized files (Serialized files now loaded: 0)
System memory in use before: 57.6 MB.
System memory in use after: 57.7 MB.

Unloading 7 unused Assets to reduce memory usage. Loaded Objects now: 1591.
Total: 1.782600 ms (FindLiveObjects: 0.146900 ms CreateObjectMapping: 0.029800 ms MarkObjects: 1.547700 ms  DeleteObjects: 0.057100 ms)

AssetImportParameters requested are different than current active one (requested -> active):
  custom:graphics/normal-map-encoding: 01000000000000000000000000000000 -> 02000000000000000000000000000000
========================================================================
Received Import Request.
  Time since last request: 124.668707 seconds.
  path: Assets/Core/Scripts/DiceRoll.cs
  artifactKey: Guid(d7a7c0efd84e9c94cbc9902601d2b935) Importer(815301076,1909f56bfc062723c751e8b465ee728b)
Start importing Assets/Core/Scripts/DiceRoll.cs using Guid(d7a7c0efd84e9c94cbc9902601d2b935) Importer(815301076,1909f56bfc062723c751e8b465ee728b)  -> (artifact id: '688eff593c96dac48f0aa569ee7bb6bf') in 0.005032 seconds
  Import took 0.009386 seconds .

========================================================================
Received Prepare
Registering precompiled user dll's ...
Registered in 0.001507 seconds.
Begin MonoManager ReloadAssembly
Native extension for WindowsStandalone target not found
Native extension for WebGL target not found
Refreshing native plugins compatible for Editor in 0.24 ms, found 0 plugins.
Preloading 0 native plugins for Editor in 0.00 ms.
Invoked RoslynAnalysisRunner static constructor.
RoslynAnalysisRunner will not be running.
RoslynAnalysisRunner has terminated.
Mono: successfully reloaded assembly
- Completed reload, in  0.948 seconds
Platform modules already initialized, skipping
Switching build target platform(5) subTarget(0) extendedPlatform(0) -> platform(13) subTarget(537395200) extendedPlatform(0)
Refreshing native plugins compatible for Editor in 0.33 ms, found 0 plugins.
Preloading 0 native plugins for Editor in 0.00 ms.
Unloading 1124 Unused Serialized files (Serialized files now loaded: 0)
System memory in use before: 57.6 MB.
System memory in use after: 57.7 MB.

Unloading 7 unused Assets to reduce memory usage. Loaded Objects now: 1594.
Total: 1.974400 ms (FindLiveObjects: 0.210000 ms CreateObjectMapping: 0.031400 ms MarkObjects: 1.669600 ms  DeleteObjects: 0.062200 ms)

AssetImportParameters requested are different than current active one (requested -> active):
  custom:graphics/normal-map-encoding: 01000000000000000000000000000000 -> 02000000000000000000000000000000
========================================================================
Received Prepare
Registering precompiled user dll's ...
Registered in 0.001497 seconds.
Begin MonoManager ReloadAssembly
Native extension for WindowsStandalone target not found
Native extension for WebGL target not found
Refreshing native plugins compatible for Editor in 0.25 ms, found 0 plugins.
Preloading 0 native plugins for Editor in 0.00 ms.
Invoked RoslynAnalysisRunner static constructor.
RoslynAnalysisRunner will not be running.
RoslynAnalysisRunner has terminated.
Mono: successfully reloaded assembly
- Completed reload, in  0.907 seconds
Platform modules already initialized, skipping
Switching build target platform(5) subTarget(0) extendedPlatform(0) -> platform(13) subTarget(537395200) extendedPlatform(0)
Refreshing native plugins compatible for Editor in 0.24 ms, found 0 plugins.
Preloading 0 native plugins for Editor in 0.00 ms.
Unloading 1124 Unused Serialized files (Serialized files now loaded: 0)
System memory in use before: 57.6 MB.
System memory in use after: 57.7 MB.

Unloading 7 unused Assets to reduce memory usage. Loaded Objects now: 1597.
Total: 1.831700 ms (FindLiveObjects: 0.161700 ms CreateObjectMapping: 0.032000 ms MarkObjects: 1.580200 ms  DeleteObjects: 0.056300 ms)

AssetImportParameters requested are different than current active one (requested -> active):
  custom:graphics/normal-map-encoding: 01000000000000000000000000000000 -> 02000000000000000000000000000000
========================================================================
Received Prepare
Registering precompiled user dll's ...
Registered in 0.001492 seconds.
Begin MonoManager ReloadAssembly
Native extension for WindowsStandalone target not found
Native extension for WebGL target not found
Refreshing native plugins compatible for Editor in 0.31 ms, found 0 plugins.
Preloading 0 native plugins for Editor in 0.00 ms.
Invoked RoslynAnalysisRunner static constructor.
RoslynAnalysisRunner will not be running.
RoslynAnalysisRunner has terminated.
Mono: successfully reloaded assembly
- Completed reload, in  0.942 seconds
Platform modules already initialized, skipping
Switching build target platform(5) subTarget(0) extendedPlatform(0) -> platform(13) subTarget(537395200) extendedPlatform(0)
Refreshing native plugins compatible for Editor in 0.25 ms, found 0 plugins.
Preloading 0 native plugins for Editor in 0.00 ms.
Unloading 1124 Unused Serialized files (Serialized files now loaded: 0)
System memory in use before: 57.6 MB.
System memory in use after: 57.7 MB.

Unloading 7 unused Assets to reduce memory usage. Loaded Objects now: 1600.
Total: 1.885800 ms (FindLiveObjects: 0.154600 ms CreateObjectMapping: 0.029500 ms MarkObjects: 1.631500 ms  DeleteObjects: 0.069200 ms)

AssetImportParameters requested are different than current active one (requested -> active):
  custom:graphics/normal-map-encoding: 01000000000000000000000000000000 -> 02000000000000000000000000000000
========================================================================
Received Prepare
Registering precompiled user dll's ...
Registered in 0.001529 seconds.
Begin MonoManager ReloadAssembly
Native extension for WindowsStandalone target not found
Native extension for WebGL target not found
Refreshing native plugins compatible for Editor in 0.28 ms, found 0 plugins.
Preloading 0 native plugins for Editor in 0.00 ms.
Invoked RoslynAnalysisRunner static constructor.
RoslynAnalysisRunner will not be running.
RoslynAnalysisRunner has terminated.
Mono: successfully reloaded assembly
- Completed reload, in  0.900 seconds
Platform modules already initialized, skipping
Switching build target platform(5) subTarget(0) extendedPlatform(0) -> platform(13) subTarget(537395200) extendedPlatform(0)
Refreshing native plugins compatible for Editor in 0.28 ms, found 0 plugins.
Preloading 0 native plugins for Editor in 0.00 ms.
Unloading 1124 Unused Serialized files (Serialized files now loaded: 0)
System memory in use before: 57.6 MB.
System memory in use after: 57.7 MB.

Unloading 7 unused Assets to reduce memory usage. Loaded Objects now: 1603.
Total: 1.760200 ms (FindLiveObjects: 0.164300 ms CreateObjectMapping: 0.030600 ms MarkObjects: 1.500700 ms  DeleteObjects: 0.062200 ms)

AssetImportParameters requested are different than current active one (requested -> active):
  custom:graphics/normal-map-encoding: 01000000000000000000000000000000 -> 02000000000000000000000000000000
========================================================================
Received Prepare
Registering precompiled user dll's ...
Registered in 0.001516 seconds.
Begin MonoManager ReloadAssembly
Native extension for WindowsStandalone target not found
Native extension for WebGL target not found
Refreshing native plugins compatible for Editor in 0.26 ms, found 0 plugins.
Preloading 0 native plugins for Editor in 0.00 ms.
Invoked RoslynAnalysisRunner static constructor.
RoslynAnalysisRunner will not be running.
RoslynAnalysisRunner has terminated.
Mono: successfully reloaded assembly
- Completed reload, in  0.898 seconds
Platform modules already initialized, skipping
Switching build target platform(5) subTarget(0) extendedPlatform(0) -> platform(13) subTarget(537395200) extendedPlatform(0)
Refreshing native plugins compatible for Editor in 0.25 ms, found 0 plugins.
Preloading 0 native plugins for Editor in 0.00 ms.
Unloading 1124 Unused Serialized files (Serialized files now loaded: 0)
System memory in use before: 57.6 MB.
System memory in use after: 57.7 MB.

Unloading 7 unused Assets to reduce memory usage. Loaded Objects now: 1606.
Total: 1.832000 ms (FindLiveObjects: 0.189800 ms CreateObjectMapping: 0.032300 ms MarkObjects: 1.549300 ms  DeleteObjects: 0.059300 ms)

AssetImportParameters requested are different than current active one (requested -> active):
  custom:graphics/normal-map-encoding: 01000000000000000000000000000000 -> 02000000000000000000000000000000
========================================================================
Received Prepare
Registering precompiled user dll's ...
Registered in 0.001621 seconds.
Begin MonoManager ReloadAssembly
Native extension for WindowsStandalone target not found
Native extension for WebGL target not found
Refreshing native plugins compatible for Editor in 0.25 ms, found 0 plugins.
Preloading 0 native plugins for Editor in 0.00 ms.
Invoked RoslynAnalysisRunner static constructor.
RoslynAnalysisRunner will not be running.
RoslynAnalysisRunner has terminated.
Mono: successfully reloaded assembly
- Completed reload, in  0.959 seconds
Platform modules already initialized, skipping
Switching build target platform(5) subTarget(0) extendedPlatform(0) -> platform(13) subTarget(537395200) extendedPlatform(0)
Refreshing native plugins compatible for Editor in 0.25 ms, found 0 plugins.
Preloading 0 native plugins for Editor in 0.00 ms.
Unloading 1124 Unused Serialized files (Serialized files now loaded: 0)
System memory in use before: 57.7 MB.
System memory in use after: 57.7 MB.

Unloading 7 unused Assets to reduce memory usage. Loaded Objects now: 1609.
Total: 1.707600 ms (FindLiveObjects: 0.157300 ms CreateObjectMapping: 0.029800 ms MarkObjects: 1.462300 ms  DeleteObjects: 0.056400 ms)

AssetImportParameters requested are different than current active one (requested -> active):
  custom:graphics/normal-map-encoding: 01000000000000000000000000000000 -> 02000000000000000000000000000000
========================================================================
Received Prepare
Registering precompiled user dll's ...
Registered in 0.001516 seconds.
Begin MonoManager ReloadAssembly
Native extension for WindowsStandalone target not found
Native extension for WebGL target not found
Refreshing native plugins compatible for Editor in 0.26 ms, found 0 plugins.
Preloading 0 native plugins for Editor in 0.00 ms.
Invoked RoslynAnalysisRunner static constructor.
RoslynAnalysisRunner will not be running.
RoslynAnalysisRunner has terminated.
Mono: successfully reloaded assembly
- Completed reload, in  0.919 seconds
Platform modules already initialized, skipping
Switching build target platform(5) subTarget(0) extendedPlatform(0) -> platform(13) subTarget(537395200) extendedPlatform(0)
Refreshing native plugins compatible for Editor in 0.27 ms, found 0 plugins.
Preloading 0 native plugins for Editor in 0.00 ms.
Unloading 1124 Unused Serialized files (Serialized files now loaded: 0)
System memory in use before: 57.7 MB.
System memory in use after: 57.7 MB.

Unloading 7 unused Assets to reduce memory usage. Loaded Objects now: 1612.
Total: 1.815400 ms (FindLiveObjects: 0.177600 ms CreateObjectMapping: 0.031300 ms MarkObjects: 1.536300 ms  DeleteObjects: 0.067800 ms)

AssetImportParameters requested are different than current active one (requested -> active):
  custom:graphics/normal-map-encoding: 01000000000000000000000000000000 -> 02000000000000000000000000000000
